[19940733 ## 85621659 ## Shared room ## France ## Paris ## Necker ## 0 ## 0.0 ## 2 ## 1.0 ## 48.0 ## Apartment]
[19301399 ## 23583218 ## Shared room ## France ## Paris ## Plaine-Monceau ## 0 ## 0.0 ## 2 ## 1.0 ## 42.0 ## Apartment]
[19068590 ## 52759569 ## Entire home/apt ## France ## Paris ## Faubourg-du-Roule ## 0 ## 0.0 ## 16 ## 3.0 ## 968.0 ## Apartment]
[19170903 ## 2828668 ## Shared room ## France ## Paris ## Pont-de-Flandre ## 0 ## 0.0 ## 2 ## 1.0 ## 39.0 ## Apartment]
[19260040 ## 92376766 ## Shared room ## France ## Paris ## Auteuil ## 2 ## 0.0 ## 2 ## 1.0 ## 57.0 ## Apartment]
[6720608 ## 35190396 ## Shared room ## France ## Paris ## Maison-Blanche ## 45 ## 4.5 ## 2 ## 1.0 ## 33.0 ## Apartment]
[20136180 ## 140111010 ## Entire home/apt ## France ## Paris ## Folie-Méricourt ## 0 ## 0.0 ## 3 ## 1.0 ## 84.0 ## Apartment]
[19795939 ## 47635888 ## Shared room ## France ## Paris ## Europe ## 0 ## 0.0 ## 2 ## 1.0 ## 58.0 ## Apartment]
[11056591 ## 4489388 ## Shared room ## France ## Paris ## Salpêtrière ## 62 ## 5.0 ## 2 ## 1.0 ## 57.0 ## Apartment]
[20051914 ## 50996088 ## Entire home/apt ## France ## Paris ## Chaillot ## 0 ## 0.0 ## 3 ## 0.0 ## 91.0 ## Apartment]
[19942174 ## 27085847 ## Shared room ## France ## Paris ## Charonne ## 0 ## 0.0 ## 2 ## 1.0 ## 28.0 ## Apartment]
[9467975 ## 14964937 ## Shared room ## France ## Paris ## Saint-Victor ## 0 ## 0.0 ## 1 ## 1.0 ## 121.0 ## Apartment]
[20131402 ## 13734102 ## Entire home/apt ## France ## Paris ## Saint-Lambert ## 0 ## 0.0 ## 2 ## 1.0 ## 84.0 ## Apartment]
[7220419 ## 9044891 ## Entire home/apt ## France ## Paris ## Saint-Thomas-dAquin ## 0 ## 0.0 ## 4 ## 2.0 ## 728.0 ## Apartment]
[301197 ## 1551665 ## Entire home/apt ## France ## Paris ## Europe ## 0 ## 0.0 ## 6 ## 3.0 ## 556.0 ## Apartment]
[12438481 ## 59763388 ## Shared room ## France ## Paris ## Gare ## 2 ## 0.0 ## 2 ## 1.0 ## 47.0 ## Apartment]
[20132513 ## 5609409 ## Entire home/apt ## France ## Paris ## Hôpital-Saint-Louis ## 0 ## 0.0 ## 4 ## 1.0 ## 103.0 ## Apartment]
[3109849 ## 15806288 ## Shared room ## France ## Paris ## Salpêtrière ## 1 ## 0.0 ## 1 ## 1.0 ## 69.0 ## Apartment]
[17747432 ## 118704345 ## Shared room ## France ## Paris ## Val-de-Grace ## 0 ## 0.0 ## 2 ## 1.0 ## 84.0 ## Apartment]
[7042767 ## 36930351 ## Shared room ## France ## Paris ## Salpêtrière ## 4 ## 4.5 ## 1 ## 1.0 ## 53.0 ## Apartment]
[9466839 ## 35786136 ## Shared room ## France ## Paris ## Ecole-Militaire ## 1 ## 0.0 ## 1 ## 1.0 ## 97.0 ## Bed & Breakfast]
[12355517 ## 5746707 ## Shared room ## France ## Paris ## Amérique ## 0 ## 0.0 ## 4 ## 1.0 ## 36.0 ## Apartment]
[20132506 ## 138877646 ## Entire home/apt ## France ## Paris ## Clignancourt ## 0 ## 0.0 ## 2 ## 1.0 ## 91.0 ## Apartment]
[6368645 ## 30301769 ## Entire home/apt ## France ## Paris ## Hôpital-Saint-Louis ## 0 ## 0.0 ## 6 ## 4.0 ## 363.0 ## Apartment]
[18670894 ## 22493664 ## Shared room ## France ## Paris ## Porte-Dauphine ## 7 ## 4.5 ## 1 ## 1.0 ## 42.0 ## Condominium]
[10019997 ## 51451091 ## Shared room ## France ## Paris ## Goutte-dOr ## 0 ## 0.0 ## 1 ## 1.0 ## 30.0 ## Apartment]
[18515453 ## 35232643 ## Shared room ## France ## Paris ## Saint-Ambroise ## 11 ## 5.0 ## 1 ## 1.0 ## 35.0 ## Bed & Breakfast]
[20092560 ## 125509059 ## Shared room ## France ## Paris ## Gare ## 0 ## 0.0 ## 6 ## 1.0 ## 26.0 ## Apartment]
[19569241 ## 33183335 ## Shared room ## France ## Paris ## Auteuil ## 1 ## 0.0 ## 2 ## 1.0 ## 40.0 ## Apartment]
[1510218 ## 6752628 ## Entire home/apt ## France ## Paris ## Grandes-Carrières ## 1 ## 0.0 ## 5 ## 2.0 ## 108.0 ## Apartment]
[6336031 ## 784762 ## Entire home/apt ## France ## Paris ## Quinze-Vingts ## 0 ## 0.0 ## 6 ## 4.0 ## 131.0 ## Apartment]
[16278048 ## 2667370 ## Entire home/apt ## France ## Paris ## Faubourg-Montmartre ## 0 ## 0.0 ## 10 ## 4.0 ## 998.0 ## Apartment]
[12674985 ## 35222053 ## Entire home/apt ## France ## Paris ## Quinze-Vingts ## 50 ## 4.5 ## 2 ## 0.0 ## 66.0 ## Apartment]
[18628217 ## 129309354 ## Shared room ## France ## Paris ## Saint-Avoye ## 14 ## 5.0 ## 1 ## 1.0 ## 48.0 ## Loft]
[7340820 ## 1385174 ## Shared room ## France ## Paris ## Saint-Lambert ## 0 ## 0.0 ## 2 ## 1.0 ## 48.0 ## Apartment]
[15156153 ## 95961965 ## Shared room ## France ## Paris ## Porte-Saint-Denis ## 1 ## 0.0 ## 1 ## 1.0 ## 34.0 ## Apartment]
[19320272 ## 9876819 ## Shared room ## France ## Paris ## Picpus ## 2 ## 0.0 ## 5 ## 1.0 ## 71.0 ## Apartment]
[12953414 ## 11752877 ## Entire home/apt ## France ## Paris ## Saint-Georges ## 18 ## 5.0 ## 2 ## 0.0 ## 97.0 ## Apartment]
[2282705 ## 7301782 ## Entire home/apt ## France ## Paris ## Necker ## 0 ## 0.0 ## 2 ## 1.0 ## 127.0 ## Apartment]
[16525836 ## 108679634 ## Shared room ## France ## Paris ## Rochechouart ## 38 ## 4.5 ## 1 ## 1.0 ## 33.0 ## Hostel]
[20130653 ## 143129362 ## Entire home/apt ## France ## Paris ## Rochechouart ## 0 ## 0.0 ## 4 ## 0.0 ## 121.0 ## Apartment]
[3072377 ## 9084047 ## Entire home/apt ## France ## Paris ## Quinze-Vingts ## 0 ## 0.0 ## 5 ## 4.0 ## 217.0 ## Apartment]
[1818001 ## 9520418 ## Shared room ## France ## Paris ## Saint-Fargeau ## 0 ## 0.0 ## 4 ## 1.0 ## 78.0 ## Apartment]
[8453575 ## 44500136 ## Shared room ## France ## Paris ## Saint-Ambroise ## 0 ## 0.0 ## 1 ## 1.0 ## 158.0 ## Apartment]
[9143239 ## 47474093 ## Entire home/apt ## France ## Paris ## Muette ## 0 ## 0.0 ## 4 ## 2.0 ## 726.0 ## Apartment]
[19511953 ## 9645784 ## Shared room ## France ## Paris ## Plaisance ## 0 ## 0.0 ## 2 ## 1.0 ## 181.0 ## Apartment]
[11019917 ## 6620283 ## Shared room ## France ## Paris ## Saint-Fargeau ## 0 ## 0.0 ## 1 ## 1.0 ## 55.0 ## Apartment]
[18178435 ## 125415019 ## Shared room ## France ## Paris ## Notre-Dame-des-Champs ## 0 ## 0.0 ## 1 ## 1.0 ## 24.0 ## Apartment]
[20082465 ## 142769474 ## Entire home/apt ## France ## Paris ## Ternes ## 0 ## 0.0 ## 3 ## 2.0 ## 97.0 ## Apartment]
[2923801 ## 4531179 ## Shared room ## France ## Paris ## Villette ## 95 ## 4.5 ## 2 ## 1.0 ## 23.0 ## Apartment]
[18500441 ## 35633807 ## Shared room ## France ## Paris ## Saint-Gervais ## 0 ## 0.0 ## 4 ## 1.0 ## 121.0 ## Apartment]
[16953898 ## 41422545 ## Entire home/apt ## France ## Paris ## Porte-Dauphine ## 10 ## 4.5 ## 2 ## 1.0 ## 89.0 ## Apartment]
[2787185 ## 3306693 ## Entire home/apt ## France ## Paris ## Arts-et-Metiers ## 63 ## 4.5 ## 4 ## 1.0 ## 61.0 ## Apartment]
[18303331 ## 16425062 ## Shared room ## France ## Paris ## Saint-Merri ## 10 ## 4.5 ## 2 ## 1.0 ## 46.0 ## Apartment]
[18784923 ## 130737596 ## Shared room ## France ## Paris ## Monnaie ## 0 ## 0.0 ## 1 ## 1.0 ## 48.0 ## Apartment]
[13413213 ## 76213524 ## Shared room ## France ## Paris ## Faubourg-Montmartre ## 0 ## 0.0 ## 4 ## 1.0 ## 46.0 ## Apartment]
[18532779 ## 35232643 ## Shared room ## France ## Paris ## Saint-Ambroise ## 25 ## 4.5 ## 1 ## 1.0 ## 35.0 ## Bed & Breakfast]
[20095192 ## 20271924 ## Entire home/apt ## France ## Paris ## Petit-Montrouge ## 0 ## 0.0 ## 2 ## 0.0 ## 61.0 ## Apartment]
[5862381 ## 30438981 ## Shared room ## France ## Paris ## Saint-Georges ## 0 ## 0.0 ## 2 ## 1.0 ## 121.0 ## Apartment]
[16607053 ## 108813288 ## Shared room ## France ## Paris ## Saint-Lambert ## 26 ## 5.0 ## 1 ## 1.0 ## 30.0 ## Hostel]
[15131991 ## 10467377 ## Entire home/apt ## France ## Paris ## St-Germain-lAuxerrois ## 4 ## 5.0 ## 6 ## 3.0 ## 787.0 ## Apartment]
[18355155 ## 17732501 ## Shared room ## France ## Paris ## Ternes ## 6 ## 5.0 ## 2 ## 1.0 ## 40.0 ## Apartment]
[13346260 ## 880228 ## Shared room ## France ## Paris ## Archives ## 6 ## 5.0 ## 2 ## 1.0 ## 61.0 ## Apartment]
[11823288 ## 1156999 ## Entire home/apt ## France ## Paris ## Clignancourt ## 0 ## 0.0 ## 4 ## 1.0 ## 108.0 ## Apartment]
[12065767 ## 25454884 ## Entire home/apt ## France ## Paris ## Villette ## 6 ## 4.5 ## 6 ## 2.0 ## 91.0 ## Apartment]
[19803138 ## 18150673 ## Shared room ## France ## Paris ## Saint-Fargeau ## 8 ## 4.5 ## 2 ## 1.0 ## 24.0 ## Apartment]
[20088171 ## 4238675 ## Entire home/apt ## France ## Paris ## Clignancourt ## 0 ## 0.0 ## 5 ## 2.0 ## 103.0 ## Apartment]
[6666099 ## 12982469 ## Entire home/apt ## France ## Paris ## Faubourg-du-Roule ## 8 ## 5.0 ## 10 ## 5.0 ## 871.0 ## Apartment]
[5634096 ## 29202083 ## Entire home/apt ## France ## Paris ## Saint-Lambert ## 3 ## 0.0 ## 4 ## 2.0 ## 61.0 ## Apartment]
[15160508 ## 73478837 ## Shared room ## France ## Paris ## Petit-Montrouge ## 45 ## 4.5 ## 1 ## 1.0 ## 26.0 ## Dorm]
[19807056 ## 17462683 ## Entire home/apt ## France ## Paris ## Maison-Blanche ## 0 ## 0.0 ## 2 ## 0.0 ## 61.0 ## Apartment]
[14274382 ## 87047288 ## Shared room ## France ## Paris ## Maison-Blanche ## 11 ## 4.5 ## 2 ## 1.0 ## 67.0 ## Apartment]
[6524050 ## 31234686 ## Shared room ## France ## Paris ## Gros-Caillou ## 13 ## 5.0 ## 2 ## 1.0 ## 61.0 ## Apartment]
[4615132 ## 14406806 ## Entire home/apt ## France ## Paris ## Ternes ## 13 ## 4.5 ## 6 ## 3.0 ## 333.0 ## Apartment]
[20083877 ## 142778848 ## Entire home/apt ## France ## Paris ## Roquette ## 0 ## 0.0 ## 5 ## 2.0 ## 91.0 ## Apartment]
[18969290 ## 7238999 ## Shared room ## France ## Paris ## Bonne-Nouvelle ## 0 ## 0.0 ## 2 ## 1.0 ## 27.0 ## Apartment]
[3263249 ## 16501669 ## Entire home/apt ## France ## Paris ## Clignancourt ## 0 ## 0.0 ## 4 ## 1.0 ## 97.0 ## Apartment]
[20069609 ## 15434787 ## Entire home/apt ## France ## Paris ## Saint-Lambert ## 0 ## 0.0 ## 4 ## 1.0 ## 72.0 ## Apartment]
[14831861 ## 73478837 ## Shared room ## France ## Paris ## Petit-Montrouge ## 50 ## 4.5 ## 1 ## 1.0 ## 24.0 ## Dorm]
[20081849 ## 138479245 ## Entire home/apt ## France ## Paris ## Petit-Montrouge ## 0 ## 0.0 ## 2 ## 0.0 ## 55.0 ## Apartment]
[3992798 ## 20697586 ## Entire home/apt ## France ## Paris ## Ternes ## 30 ## 5.0 ## 14 ## 6.0 ## 665.0 ## Apartment]
[20045936 ## 1473698 ## Entire home/apt ## France ## Paris ## Madeleine ## 0 ## 0.0 ## 8 ## 5.0 ## 665.0 ## Apartment]
[6617509 ## 7953913 ## Shared room ## France ## Paris ## Saint-Georges ## 20 ## 5.0 ## 1 ## 1.0 ## 41.0 ## Apartment]
[19637483 ## 14402323 ## Shared room ## France ## Paris ## Gare ## 0 ## 0.0 ## 2 ## 1.0 ## 26.0 ## Apartment]
[20044221 ## 45204127 ## Entire home/apt ## France ## Paris ## Ternes ## 0 ## 0.0 ## 3 ## 1.0 ## 85.0 ## Apartment]
[4514004 ## 23405558 ## Entire home/apt ## France ## Paris ## Grandes-Carrières ## 0 ## 0.0 ## 8 ## 5.0 ## 968.0 ## House]
[16974822 ## 64537716 ## Shared room ## France ## Paris ## Picpus ## 9 ## 5.0 ## 1 ## 1.0 ## 35.0 ## Apartment]
[6229512 ## 21421264 ## Shared room ## France ## Paris ## Grandes-Carrières ## 71 ## 4.5 ## 2 ## 1.0 ## 115.0 ## Apartment]
[16465959 ## 17588318 ## Shared room ## France ## Paris ## Epinettes ## 0 ## 0.0 ## 1 ## 1.0 ## 42.0 ## Apartment]
[18734060 ## 48757313 ## Shared room ## France ## Paris ## Rochechouart ## 7 ## 4.0 ## 2 ## 1.0 ## 36.0 ## Apartment]
[16103729 ## 77134343 ## Shared room ## France ## Paris ## Villette ## 4 ## 4.5 ## 4 ## 1.0 ## 100.0 ## Apartment]
[13172802 ## 73478837 ## Shared room ## France ## Paris ## Petit-Montrouge ## 48 ## 4.5 ## 1 ## 1.0 ## 30.0 ## Dorm]
[11771527 ## 22530701 ## Shared room ## France ## Paris ## Charonne ## 0 ## 0.0 ## 2 ## 1.0 ## 34.0 ## Apartment]
[9177773 ## 10252388 ## Shared room ## France ## Paris ## Jardin-des-Plantes ## 109 ## 4.5 ## 1 ## 1.0 ## 36.0 ## Apartment]
[17073768 ## 35553639 ## Shared room ## France ## Paris ## Saint-Lambert ## 4 ## 4.5 ## 2 ## 1.0 ## 61.0 ## Apartment]
[15645028 ## 43119328 ## Entire home/apt ## France ## Paris ## Archives ## 1 ## 0.0 ## 8 ## 4.0 ## 1263.0 ## Apartment]
[20132264 ## 44171885 ## Entire home/apt ## France ## Paris ## Grandes-Carrières ## 0 ## 0.0 ## 4 ## 2.0 ## 121.0 ## Apartment]
[13159001 ## 73478837 ## Shared room ## France ## Paris ## Plaisance ## 59 ## 4.5 ## 1 ## 1.0 ## 24.0 ## Dorm]
[15371173 ## 55378220 ## Shared room ## France ## Paris ## Halles ## 0 ## 0.0 ## 1 ## 1.0 ## 67.0 ## Apartment]
[16952376 ## 103193284 ## Entire home/apt ## France ## Paris ## Necker ## 0 ## 0.0 ## 7 ## 4.0 ## 726.0 ## House]
[4450666 ## 1626647 ## Entire home/apt ## France ## Paris ## Plaisance ## 0 ## 0.0 ## 9 ## 4.0 ## 665.0 ## Apartment]
[2934680 ## 13981103 ## Shared room ## France ## Paris ## Plaisance ## 12 ## 5.0 ## 1 ## 1.0 ## 36.0 ## Apartment]
[5295973 ## 27428343 ## Shared room ## France ## Paris ## Javel 15Art ## 75 ## 4.5 ## 2 ## 1.0 ## 67.0 ## Apartment]
[20121017 ## 22325893 ## Entire home/apt ## France ## Paris ## Ternes ## 0 ## 0.0 ## 4 ## 2.0 ## 98.0 ## Apartment]
[5210145 ## 26950038 ## Shared room ## France ## Paris ## Belleville ## 16 ## 4.5 ## 1 ## 1.0 ## 33.0 ## Apartment]
[11455210 ## 54609551 ## Shared room ## France ## Paris ## Maison-Blanche ## 9 ## 4.0 ## 2 ## 1.0 ## 23.0 ## Apartment]
[20124171 ## 105156352 ## Entire home/apt ## France ## Paris ## Enfants-Rouges ## 0 ## 0.0 ## 4 ## 2.0 ## 157.0 ## Apartment]
[19886426 ## 17758544 ## Entire home/apt ## France ## Paris ## Grandes-Carrières ## 0 ## 0.0 ## 4 ## 1.0 ## 93.0 ## Apartment]
[14274940 ## 87014439 ## Shared room ## France ## Paris ## Belleville ## 8 ## 4.5 ## 3 ## 1.0 ## 61.0 ## Apartment]
[1046947 ## 5764249 ## Entire home/apt ## France ## Paris ## Necker ## 0 ## 0.0 ## 5 ## 2.0 ## 230.0 ## Apartment]
[6512202 ## 1122470 ## Shared room ## France ## Paris ## Petit-Montrouge ## 169 ## 4.5 ## 1 ## 1.0 ## 53.0 ## Apartment]
[8595575 ## 42782996 ## Shared room ## France ## Paris ## Bonne-Nouvelle ## 40 ## 4.0 ## 6 ## 1.0 ## 26.0 ## Dorm]
[6073079 ## 29911261 ## Shared room ## France ## Paris ## La Chapelle ## 0 ## 0.0 ## 1 ## 1.0 ## 88.0 ## Apartment]
[984455 ## 5398885 ## Shared room ## France ## Paris ## Javel 15Art ## 59 ## 4.5 ## 1 ## 1.0 ## 46.0 ## Bed & Breakfast]
[1346665 ## 656386 ## Entire home/apt ## France ## Paris ## Arsenal ## 0 ## 0.0 ## 2 ## 1.0 ## 46.0 ## Apartment]
[7262973 ## 34135056 ## Shared room ## France ## Paris ## Bonne-Nouvelle ## 65 ## 4.5 ## 3 ## 1.0 ## 42.0 ## Apartment]
[9142663 ## 47610634 ## Shared room ## France ## Paris ## Saint-Ambroise ## 0 ## 0.0 ## 1 ## 1.0 ## 24.0 ## Condominium]
[7371229 ## 35314832 ## Entire home/apt ## France ## Paris ## Bel-Air ## 1 ## 0.0 ## 2 ## 0.0 ## 43.0 ## Apartment]
[12340851 ## 23341832 ## Shared room ## France ## Paris ## La Chapelle ## 0 ## 0.0 ## 1 ## 1.0 ## 24.0 ## Apartment]
[16391787 ## 10428613 ## Shared room ## France ## Paris ## Batignolles ## 4 ## 5.0 ## 1 ## 1.0 ## 34.0 ## Apartment]
[13471793 ## 34445617 ## Entire home/apt ## France ## Paris ## Epinettes ## 0 ## 0.0 ## 4 ## 1.0 ## 363.0 ## Apartment]
[14704682 ## 49237581 ## Entire home/apt ## France ## Paris ## Saint-Merri ## 7 ## 5.0 ## 16 ## 5.0 ## 787.0 ## Apartment]
[18996379 ## 132516112 ## Shared room ## France ## Paris ## Charonne ## 0 ## 0.0 ## 1 ## 1.0 ## 12.0 ## Apartment]
[4992753 ## 21152671 ## Shared room ## France ## Paris ## Plaine-Monceau ## 4 ## 4.0 ## 2 ## 1.0 ## 57.0 ## Apartment]
[10580564 ## 54584789 ## Shared room ## France ## Paris ## Porte-Saint-Denis ## 21 ## 5.0 ## 1 ## 1.0 ## 31.0 ## Apartment]
[6728930 ## 14965628 ## Shared room ## France ## Paris ## Maison-Blanche ## 8 ## 5.0 ## 2 ## 1.0 ## 35.0 ## Apartment]
[514870 ## 2535616 ## Entire home/apt ## France ## Paris ## Grenelle ## 0 ## 0.0 ## 3 ## 2.0 ## 132.0 ## Apartment]
[14767551 ## 73478837 ## Shared room ## France ## Paris ## Plaisance ## 24 ## 4.0 ## 1 ## 1.0 ## 29.0 ## Dorm]
[9353769 ## 48454470 ## Shared room ## France ## Paris ## Saint-Vincent-de-Paul ## 1 ## 0.0 ## 1 ## 1.0 ## 121.0 ## House]
[1330663 ## 7218072 ## Shared room ## France ## Paris ## Epinettes ## 0 ## 0.0 ## 2 ## 1.0 ## 95.0 ## Apartment]
[18517232 ## 89569800 ## Shared room ## France ## Paris ## Picpus ## 3 ## 5.0 ## 2 ## 1.0 ## 28.0 ## Apartment]
[13264535 ## 73478837 ## Shared room ## France ## Paris ## Plaisance ## 21 ## 4.0 ## 1 ## 1.0 ## 24.0 ## Dorm]
[17832115 ## 19620875 ## Shared room ## France ## Paris ## Halles ## 7 ## 5.0 ## 2 ## 1.0 ## 63.0 ## Bed & Breakfast]
[19194291 ## 15370290 ## Shared room ## France ## Paris ## Plaisance ## 0 ## 0.0 ## 1 ## 1.0 ## 33.0 ## Apartment]
[11270024 ## 15773597 ## Shared room ## France ## Paris ## Plaine-Monceau ## 3 ## 4.5 ## 2 ## 1.0 ## 47.0 ## Apartment]
[9072650 ## 47318622 ## Entire home/apt ## France ## Paris ## Champs-Elysées ## 62 ## 4.5 ## 6 ## 2.0 ## 194.0 ## Apartment]
[794418 ## 4185487 ## Shared room ## France ## Paris ## St-Germain-lAuxerrois ## 179 ## 4.5 ## 2 ## 1.0 ## 75.0 ## Apartment]
[9962282 ## 42782996 ## Shared room ## France ## Paris ## Bonne-Nouvelle ## 35 ## 4.0 ## 6 ## 1.0 ## 26.0 ## Dorm]
[7216654 ## 8186525 ## Shared room ## France ## Paris ## Saint-Fargeau ## 21 ## 5.0 ## 2 ## 1.0 ## 39.0 ## Apartment]
[17762855 ## 19225538 ## Shared room ## France ## Paris ## Maison-Blanche ## 17 ## 4.5 ## 2 ## 1.0 ## 28.0 ## Apartment]
[13044049 ## 10856666 ## Shared room ## France ## Paris ## Halles ## 72 ## 4.5 ## 2 ## 1.0 ## 71.0 ## Apartment]
[20002692 ## 3995996 ## Shared room ## France ## Paris ## Bel-Air ## 0 ## 0.0 ## 1 ## 1.0 ## 30.0 ## Loft]
[4725963 ## 2893280 ## Shared room ## France ## Paris ## Grandes-Carrières ## 0 ## 0.0 ## 1 ## 1.0 ## 61.0 ## Apartment]
[429442 ## 1348278 ## Shared room ## France ## Paris ## Hôpital-Saint-Louis ## 54 ## 4.5 ## 2 ## 1.0 ## 28.0 ## Apartment]
[3960199 ## 20522621 ## Shared room ## France ## Paris ## Saint-Lambert ## 3 ## 4.0 ## 3 ## 1.0 ## 96.0 ## Apartment]
[13414434 ## 7721346 ## Entire home/apt ## France ## Paris ## Picpus ## 1 ## 0.0 ## 2 ## 0.0 ## 55.0 ## Apartment]
[9761763 ## 4290031 ## Entire home/apt ## France ## Paris ## Porte-Dauphine ## 0 ## 0.0 ## 2 ## 1.0 ## 133.0 ## Apartment]
[10585405 ## 29615670 ## Shared room ## France ## Paris ## Grandes-Carrières ## 27 ## 4.5 ## 1 ## 1.0 ## 27.0 ## Apartment]
[19067216 ## 101987767 ## Shared room ## France ## Paris ## Javel 15Art ## 5 ## 5.0 ## 1 ## 1.0 ## 22.0 ## Apartment]
[19797736 ## 7290909 ## Shared room ## France ## Paris ## Porte-Saint-Martin ## 1 ## 0.0 ## 2 ## 1.0 ## 27.0 ## Apartment]
